<?xml version="1.0" encoding="UTF-8"?>
<!-- Generated by org.testng.reporters.JUnitReportReporter -->
<testsuite skipped="0" hostname="DESKTOP-MVG6NQU" name="InitialTest" tests="3" failures="0" timestamp="05 may 2019 00:13:29 GMT" time="0.001" errors="0">
  <testcase name="test" time="0.000" classname="InitialTest"/>
  <testcase name="test" time="0.000" classname="InitialTest"/>
  <testcase name="ferstTest" time="0.001" classname="InitialTest"/>
</testsuite> <!-- InitialTest -->
