<?xml version="1.0" encoding="UTF-8"?>
<!-- Generated by org.testng.reporters.JUnitReportReporter -->
<testsuite skipped="0" hostname="DESKTOP-MVG6NQU" name="GoogleHomePageTest" tests="1" failures="0" timestamp="05 may 2019 00:13:29 GMT" time="3.517" errors="0">
  <testcase name="veryFyGooglePAgeTittle" time="3.517" classname="GoogleHomePageTest"/>
</testsuite> <!-- GoogleHomePageTest -->
